<?xml version="1.0" encoding="UTF-8"?>
<!-- Generated by org.testng.reporters.JUnitReportReporter -->
<testsuite hostname="Lenov-AMD-Ryzen-5" failures="0" tests="1" name="TestClass.findthelinks" time="20.152" errors="0" timestamp="2022-06-06T11:16:32 IST" skipped="0">
  <testcase classname="TestClass.findthelinks" name="verifytheTab" time="20.152"/>
  <system-out/>
</testsuite> <!-- TestClass.findthelinks -->
